<?xml version="1.0" encoding="UTF-8"?>
<!-- Generated by org.testng.reporters.JUnitReportReporter -->
<testsuite hostname="Founder-Jc" name="com.testng.jc.TestMessageUtil" tests="2" failures="0" timestamp="6 Apr 2016 15:14:40 GMT" time="0.010" errors="0">
  <testcase name="testSalutationMessage" time="0.000" classname="com.testng.jc.TestMessageUtil"/>
  <testcase name="testPrintMessage" time="0.010" classname="com.testng.jc.TestMessageUtil"/>
</testsuite> <!-- com.testng.jc.TestMessageUtil -->
